{"C:\\Users\\user\\Documents\\Etudes\\4_Etudes_ingenieur_alternance\\ALES\\Cours\\2A\\ValidationDesLogiciels\\quality-env-tests\\src\\bot.class.js": {"path":"C:\\Users\\user\\Documents\\Etudes\\4_Etudes_ingenieur_alternance\\ALES\\Cours\\2A\\ValidationDesLogiciels\\quality-env-tests\\src\\bot.class.js","statementMap":{"0":{"start":{"line":1,"column":12},"end":{"line":33,"column":1}},"1":{"start":{"line":10,"column":8},"end":{"line":10,"column":14}},"2":{"start":{"line":11,"column":4},"end":{"line":11,"column":17}},"3":{"start":{"line":12,"column":4},"end":{"line":12,"column":21}},"4":{"start":{"line":13,"column":4},"end":{"line":13,"column":25}},"5":{"start":{"line":14,"column":4},"end":{"line":14,"column":27}},"6":{"start":{"line":15,"column":4},"end":{"line":15,"column":22}},"7":{"start":{"line":19,"column":22},"end":{"line":19,"column":24}},"8":{"start":{"line":21,"column":4},"end":{"line":29,"column":7}},"9":{"start":{"line":22,"column":34},"end":{"line":22,"column":40}},"10":{"start":{"line":24,"column":6},"end":{"line":28,"column":7}},"11":{"start":{"line":25,"column":8},"end":{"line":25,"column":35}},"12":{"start":{"line":27,"column":8},"end":{"line":27,"column":27}},"13":{"start":{"line":31,"column":4},"end":{"line":31,"column":21}}},"fnMap":{"0":{"name":"(anonymous_0)","decl":{"start":{"line":4,"column":2},"end":{"line":4,"column":3}},"loc":{"start":{"line":4,"column":22},"end":{"line":16,"column":3}},"line":4},"1":{"name":"(anonymous_1)","decl":{"start":{"line":18,"column":2},"end":{"line":18,"column":3}},"loc":{"start":{"line":18,"column":31},"end":{"line":32,"column":3}},"line":18},"2":{"name":"(anonymous_2)","decl":{"start":{"line":21,"column":25},"end":{"line":21,"column":26}},"loc":{"start":{"line":21,"column":37},"end":{"line":29,"column":5}},"line":21}},"branchMap":{"0":{"loc":{"start":{"line":24,"column":6},"end":{"line":28,"column":7}},"type":"if","locations":[{"start":{"line":24,"column":6},"end":{"line":28,"column":7}},{"start":{},"end":{}}],"line":24}},"s":{"0":2,"1":3,"2":3,"3":3,"4":3,"5":3,"6":3,"7":7,"8":7,"9":19,"10":19,"11":6,"12":6,"13":7},"f":{"0":3,"1":7,"2":19},"b":{"0":[6,13]},"_coverageSchema":"1a1c01bbd47fc00a2c39e90264f33305004495a9","hash":"168f2f7dde71621de78b4730b95ff5ba1f66829f"}
,"C:\\Users\\user\\Documents\\Etudes\\4_Etudes_ingenieur_alternance\\ALES\\Cours\\2A\\ValidationDesLogiciels\\quality-env-tests\\src\\tchat.class.js": {"path":"C:\\Users\\user\\Documents\\Etudes\\4_Etudes_ingenieur_alternance\\ALES\\Cours\\2A\\ValidationDesLogiciels\\quality-env-tests\\src\\tchat.class.js","statementMap":{"0":{"start":{"line":3,"column":14},"end":{"line":219,"column":1}},"1":{"start":{"line":5,"column":4},"end":{"line":9,"column":6}},"2":{"start":{"line":10,"column":4},"end":{"line":10,"column":48}},"3":{"start":{"line":10,"column":34},"end":{"line":10,"column":46}},"4":{"start":{"line":11,"column":4},"end":{"line":11,"column":45}},"5":{"start":{"line":15,"column":21},"end":{"line":19,"column":5}},"6":{"start":{"line":15,"column":27},"end":{"line":19,"column":5}},"7":{"start":{"line":21,"column":4},"end":{"line":41,"column":6}},"8":{"start":{"line":45,"column":4},"end":{"line":49,"column":6}},"9":{"start":{"line":47,"column":33},"end":{"line":47,"column":52}},"10":{"start":{"line":58,"column":8},"end":{"line":58,"column":11}},"11":{"start":{"line":60,"column":4},"end":{"line":71,"column":6}},"12":{"start":{"line":75,"column":29},"end":{"line":75,"column":38}},"13":{"start":{"line":77,"column":4},"end":{"line":98,"column":6}},"14":{"start":{"line":102,"column":35},"end":{"line":102,"column":42}},"15":{"start":{"line":103,"column":4},"end":{"line":123,"column":6}},"16":{"start":{"line":127,"column":4},"end":{"line":132,"column":6}},"17":{"start":{"line":136,"column":21},"end":{"line":136,"column":23}},"18":{"start":{"line":138,"column":4},"end":{"line":155,"column":7}},"19":{"start":{"line":139,"column":24},"end":{"line":139,"column":56}},"20":{"start":{"line":141,"column":6},"end":{"line":154,"column":7}},"21":{"start":{"line":142,"column":33},"end":{"line":142,"column":36}},"22":{"start":{"line":144,"column":8},"end":{"line":151,"column":11}},"23":{"start":{"line":145,"column":10},"end":{"line":150,"column":13}},"24":{"start":{"line":153,"column":8},"end":{"line":153,"column":38}},"25":{"start":{"line":157,"column":4},"end":{"line":157,"column":20}},"26":{"start":{"line":161,"column":4},"end":{"line":166,"column":7}},"27":{"start":{"line":162,"column":31},"end":{"line":162,"column":34}},"28":{"start":{"line":163,"column":20},"end":{"line":163,"column":57}},"29":{"start":{"line":165,"column":6},"end":{"line":165,"column":35}},"30":{"start":{"line":170,"column":23},"end":{"line":170,"column":58}},"31":{"start":{"line":171,"column":20},"end":{"line":171,"column":51}},"32":{"start":{"line":174,"column":4},"end":{"line":185,"column":7}},"33":{"start":{"line":175,"column":6},"end":{"line":184,"column":7}},"34":{"start":{"line":176,"column":24},"end":{"line":176,"column":37}},"35":{"start":{"line":177,"column":8},"end":{"line":177,"column":66}},"36":{"start":{"line":178,"column":8},"end":{"line":178,"column":27}},"37":{"start":{"line":180,"column":29},"end":{"line":181,"column":64}},"38":{"start":{"line":181,"column":28},"end":{"line":181,"column":63}},"39":{"start":{"line":183,"column":8},"end":{"line":183,"column":54}},"40":{"start":{"line":189,"column":4},"end":{"line":212,"column":6}},"41":{"start":{"line":216,"column":4},"end":{"line":216,"column":38}},"42":{"start":{"line":217,"column":4},"end":{"line":217,"column":30}}},"fnMap":{"0":{"name":"(anonymous_0)","decl":{"start":{"line":4,"column":2},"end":{"line":4,"column":3}},"loc":{"start":{"line":4,"column":20},"end":{"line":12,"column":3}},"line":4},"1":{"name":"(anonymous_1)","decl":{"start":{"line":10,"column":25},"end":{"line":10,"column":26}},"loc":{"start":{"line":10,"column":34},"end":{"line":10,"column":46}},"line":10},"2":{"name":"(anonymous_2)","decl":{"start":{"line":14,"column":2},"end":{"line":14,"column":3}},"loc":{"start":{"line":14,"column":14},"end":{"line":42,"column":3}},"line":14},"3":{"name":"(anonymous_3)","decl":{"start":{"line":15,"column":21},"end":{"line":15,"column":22}},"loc":{"start":{"line":15,"column":27},"end":{"line":19,"column":5}},"line":15},"4":{"name":"(anonymous_4)","decl":{"start":{"line":44,"column":2},"end":{"line":44,"column":3}},"loc":{"start":{"line":44,"column":19},"end":{"line":50,"column":3}},"line":44},"5":{"name":"(anonymous_5)","decl":{"start":{"line":47,"column":24},"end":{"line":47,"column":25}},"loc":{"start":{"line":47,"column":33},"end":{"line":47,"column":52}},"line":47},"6":{"name":"(anonymous_6)","decl":{"start":{"line":52,"column":2},"end":{"line":52,"column":3}},"loc":{"start":{"line":52,"column":17},"end":{"line":72,"column":3}},"line":52},"7":{"name":"(anonymous_7)","decl":{"start":{"line":74,"column":2},"end":{"line":74,"column":3}},"loc":{"start":{"line":74,"column":28},"end":{"line":99,"column":3}},"line":74},"8":{"name":"(anonymous_8)","decl":{"start":{"line":101,"column":2},"end":{"line":101,"column":3}},"loc":{"start":{"line":101,"column":33},"end":{"line":124,"column":3}},"line":101},"9":{"name":"(anonymous_9)","decl":{"start":{"line":126,"column":2},"end":{"line":126,"column":3}},"loc":{"start":{"line":126,"column":24},"end":{"line":133,"column":3}},"line":126},"10":{"name":"(anonymous_10)","decl":{"start":{"line":135,"column":2},"end":{"line":135,"column":3}},"loc":{"start":{"line":135,"column":24},"end":{"line":158,"column":3}},"line":135},"11":{"name":"(anonymous_11)","decl":{"start":{"line":138,"column":22},"end":{"line":138,"column":23}},"loc":{"start":{"line":138,"column":31},"end":{"line":155,"column":5}},"line":138},"12":{"name":"(anonymous_12)","decl":{"start":{"line":144,"column":26},"end":{"line":144,"column":27}},"loc":{"start":{"line":144,"column":36},"end":{"line":151,"column":9}},"line":144},"13":{"name":"(anonymous_13)","decl":{"start":{"line":160,"column":2},"end":{"line":160,"column":3}},"loc":{"start":{"line":160,"column":27},"end":{"line":167,"column":3}},"line":160},"14":{"name":"(anonymous_14)","decl":{"start":{"line":161,"column":22},"end":{"line":161,"column":23}},"loc":{"start":{"line":161,"column":31},"end":{"line":166,"column":5}},"line":161},"15":{"name":"(anonymous_15)","decl":{"start":{"line":169,"column":2},"end":{"line":169,"column":3}},"loc":{"start":{"line":169,"column":23},"end":{"line":186,"column":3}},"line":169},"16":{"name":"(anonymous_16)","decl":{"start":{"line":174,"column":38},"end":{"line":174,"column":39}},"loc":{"start":{"line":174,"column":45},"end":{"line":185,"column":5}},"line":174},"17":{"name":"(anonymous_17)","decl":{"start":{"line":181,"column":15},"end":{"line":181,"column":16}},"loc":{"start":{"line":181,"column":28},"end":{"line":181,"column":63}},"line":181},"18":{"name":"(anonymous_18)","decl":{"start":{"line":188,"column":2},"end":{"line":188,"column":3}},"loc":{"start":{"line":188,"column":11},"end":{"line":213,"column":3}},"line":188},"19":{"name":"(anonymous_19)","decl":{"start":{"line":215,"column":2},"end":{"line":215,"column":3}},"loc":{"start":{"line":215,"column":8},"end":{"line":218,"column":3}},"line":215}},"branchMap":{"0":{"loc":{"start":{"line":36,"column":16},"end":{"line":36,"column":60}},"type":"cond-expr","locations":[{"start":{"line":36,"column":45},"end":{"line":36,"column":55}},{"start":{"line":36,"column":58},"end":{"line":36,"column":60}}],"line":36},"1":{"loc":{"start":{"line":141,"column":6},"end":{"line":154,"column":7}},"type":"if","locations":[{"start":{"line":141,"column":6},"end":{"line":154,"column":7}},{"start":{},"end":{}}],"line":141},"2":{"loc":{"start":{"line":175,"column":6},"end":{"line":184,"column":7}},"type":"if","locations":[{"start":{"line":175,"column":6},"end":{"line":184,"column":7}},{"start":{},"end":{}}],"line":175}},"s":{"0":1,"1":1,"2":1,"3":2,"4":1,"5":1,"6":0,"7":1,"8":1,"9":2,"10":2,"11":2,"12":2,"13":2,"14":3,"15":3,"16":2,"17":2,"18":2,"19":4,"20":4,"21":3,"22":3,"23":4,"24":3,"25":2,"26":3,"27":6,"28":6,"29":6,"30":3,"31":3,"32":3,"33":2,"34":1,"35":1,"36":1,"37":1,"38":2,"39":1,"40":1,"41":1,"42":1},"f":{"0":1,"1":2,"2":1,"3":0,"4":1,"5":2,"6":2,"7":2,"8":3,"9":2,"10":2,"11":4,"12":4,"13":3,"14":6,"15":3,"16":2,"17":2,"18":1,"19":1},"b":{"0":[0,1],"1":[3,1],"2":[1,1]},"_coverageSchema":"1a1c01bbd47fc00a2c39e90264f33305004495a9","hash":"92dde1dcd6724e418b980afb2a133013a011e863"}
,"C:\\Users\\user\\Documents\\Etudes\\4_Etudes_ingenieur_alternance\\ALES\\Cours\\2A\\ValidationDesLogiciels\\quality-env-tests\\src\\tp.js": {"path":"C:\\Users\\user\\Documents\\Etudes\\4_Etudes_ingenieur_alternance\\ALES\\Cours\\2A\\ValidationDesLogiciels\\quality-env-tests\\src\\tp.js","statementMap":{"0":{"start":{"line":1,"column":33},"end":{"line":1,"column":48}},"1":{"start":{"line":1,"column":40},"end":{"line":1,"column":48}},"2":{"start":{"line":3,"column":19},"end":{"line":9,"column":1}},"3":{"start":{"line":4,"column":2},"end":{"line":6,"column":3}},"4":{"start":{"line":5,"column":4},"end":{"line":5,"column":13}},"5":{"start":{"line":8,"column":2},"end":{"line":8,"column":15}},"6":{"start":{"line":11,"column":31},"end":{"line":23,"column":1}},"7":{"start":{"line":12,"column":14},"end":{"line":12,"column":15}},"8":{"start":{"line":14,"column":2},"end":{"line":16,"column":3}},"9":{"start":{"line":15,"column":4},"end":{"line":15,"column":17}},"10":{"start":{"line":18,"column":2},"end":{"line":20,"column":3}},"11":{"start":{"line":19,"column":4},"end":{"line":19,"column":12}},"12":{"start":{"line":22,"column":2},"end":{"line":22,"column":15}},"13":{"start":{"line":25,"column":34},"end":{"line":25,"column":68}},"14":{"start":{"line":25,"column":40},"end":{"line":25,"column":68}},"15":{"start":{"line":27,"column":32},"end":{"line":35,"column":1}},"16":{"start":{"line":28,"column":17},"end":{"line":28,"column":19}},"17":{"start":{"line":30,"column":2},"end":{"line":32,"column":3}},"18":{"start":{"line":30,"column":15},"end":{"line":30,"column":16}},"19":{"start":{"line":31,"column":4},"end":{"line":31,"column":23}},"20":{"start":{"line":34,"column":2},"end":{"line":34,"column":16}},"21":{"start":{"line":37,"column":32},"end":{"line":43,"column":1}},"22":{"start":{"line":38,"column":2},"end":{"line":40,"column":3}},"23":{"start":{"line":39,"column":4},"end":{"line":39,"column":22}},"24":{"start":{"line":42,"column":2},"end":{"line":42,"column":19}},"25":{"start":{"line":46,"column":20},"end":{"line":56,"column":1}},"26":{"start":{"line":47,"column":2},"end":{"line":49,"column":3}},"27":{"start":{"line":48,"column":4},"end":{"line":48,"column":13}},"28":{"start":{"line":51,"column":2},"end":{"line":53,"column":3}},"29":{"start":{"line":52,"column":3},"end":{"line":52,"column":12}},"30":{"start":{"line":55,"column":2},"end":{"line":55,"column":35}},"31":{"start":{"line":60,"column":42},"end":{"line":69,"column":1}},"32":{"start":{"line":61,"column":16},"end":{"line":61,"column":36}},"33":{"start":{"line":62,"column":21},"end":{"line":62,"column":23}},"34":{"start":{"line":64,"column":2},"end":{"line":66,"column":3}},"35":{"start":{"line":64,"column":15},"end":{"line":64,"column":37}},"36":{"start":{"line":65,"column":4},"end":{"line":65,"column":31}},"37":{"start":{"line":68,"column":2},"end":{"line":68,"column":22}},"38":{"start":{"line":71,"column":33},"end":{"line":79,"column":1}},"39":{"start":{"line":72,"column":10},"end":{"line":72,"column":11}},"40":{"start":{"line":74,"column":2},"end":{"line":76,"column":3}},"41":{"start":{"line":75,"column":4},"end":{"line":75,"column":11}},"42":{"start":{"line":78,"column":2},"end":{"line":78,"column":11}},"43":{"start":{"line":81,"column":36},"end":{"line":102,"column":1}},"44":{"start":{"line":82,"column":18},"end":{"line":82,"column":20}},"45":{"start":{"line":84,"column":2},"end":{"line":99,"column":3}},"46":{"start":{"line":84,"column":15},"end":{"line":84,"column":16}},"47":{"start":{"line":85,"column":21},"end":{"line":85,"column":27}},"48":{"start":{"line":87,"column":4},"end":{"line":89,"column":5}},"49":{"start":{"line":88,"column":6},"end":{"line":88,"column":47}},"50":{"start":{"line":90,"column":4},"end":{"line":92,"column":5}},"51":{"start":{"line":91,"column":6},"end":{"line":91,"column":47}},"52":{"start":{"line":93,"column":4},"end":{"line":95,"column":5}},"53":{"start":{"line":94,"column":6},"end":{"line":94,"column":47}},"54":{"start":{"line":96,"column":4},"end":{"line":98,"column":5}},"55":{"start":{"line":97,"column":6},"end":{"line":97,"column":47}},"56":{"start":{"line":101,"column":2},"end":{"line":101,"column":26}},"57":{"start":{"line":106,"column":4},"end":{"line":106,"column":36}},"58":{"start":{"line":106,"column":25},"end":{"line":106,"column":36}},"59":{"start":{"line":107,"column":16},"end":{"line":107,"column":35}},"60":{"start":{"line":108,"column":15},"end":{"line":108,"column":17}},"61":{"start":{"line":109,"column":16},"end":{"line":109,"column":18}},"62":{"start":{"line":110,"column":4},"end":{"line":113,"column":5}},"63":{"start":{"line":110,"column":17},"end":{"line":110,"column":18}},"64":{"start":{"line":111,"column":8},"end":{"line":112,"column":32}},"65":{"start":{"line":111,"column":28},"end":{"line":111,"column":46}},"66":{"start":{"line":112,"column":13},"end":{"line":112,"column":32}},"67":{"start":{"line":114,"column":4},"end":{"line":114,"column":60}},"68":{"start":{"line":118,"column":17},"end":{"line":118,"column":39}},"69":{"start":{"line":119,"column":23},"end":{"line":119,"column":39}},"70":{"start":{"line":120,"column":22},"end":{"line":120,"column":30}},"71":{"start":{"line":121,"column":31},"end":{"line":121,"column":33}},"72":{"start":{"line":123,"column":4},"end":{"line":134,"column":7}},"73":{"start":{"line":124,"column":29},"end":{"line":124,"column":30}},"74":{"start":{"line":125,"column":8},"end":{"line":127,"column":9}},"75":{"start":{"line":125,"column":21},"end":{"line":125,"column":22}},"76":{"start":{"line":126,"column":12},"end":{"line":126,"column":66}},"77":{"start":{"line":128,"column":8},"end":{"line":128,"column":74}},"78":{"start":{"line":130,"column":8},"end":{"line":133,"column":9}},"79":{"start":{"line":131,"column":12},"end":{"line":131,"column":41}},"80":{"start":{"line":132,"column":12},"end":{"line":132,"column":42}},"81":{"start":{"line":135,"column":4},"end":{"line":135,"column":49}},"82":{"start":{"line":139,"column":4},"end":{"line":139,"column":38}},"83":{"start":{"line":139,"column":26},"end":{"line":139,"column":38}},"84":{"start":{"line":140,"column":17},"end":{"line":140,"column":19}},"85":{"start":{"line":141,"column":4},"end":{"line":147,"column":5}},"86":{"start":{"line":141,"column":17},"end":{"line":141,"column":18}},"87":{"start":{"line":142,"column":20},"end":{"line":142,"column":60}},"88":{"start":{"line":143,"column":21},"end":{"line":143,"column":36}},"89":{"start":{"line":144,"column":8},"end":{"line":146,"column":9}},"90":{"start":{"line":144,"column":21},"end":{"line":144,"column":22}},"91":{"start":{"line":145,"column":12},"end":{"line":145,"column":52}},"92":{"start":{"line":148,"column":4},"end":{"line":148,"column":18}},"93":{"start":{"line":152,"column":4},"end":{"line":167,"column":5}},"94":{"start":{"line":152,"column":21},"end":{"line":152,"column":22}},"95":{"start":{"line":153,"column":8},"end":{"line":166,"column":9}},"96":{"start":{"line":153,"column":23},"end":{"line":153,"column":24}},"97":{"start":{"line":154,"column":12},"end":{"line":165,"column":13}},"98":{"start":{"line":155,"column":16},"end":{"line":163,"column":17}},"99":{"start":{"line":155,"column":31},"end":{"line":155,"column":32}},"100":{"start":{"line":156,"column":20},"end":{"line":162,"column":21}},"101":{"start":{"line":157,"column":24},"end":{"line":157,"column":49}},"102":{"start":{"line":158,"column":24},"end":{"line":160,"column":25}},"103":{"start":{"line":159,"column":28},"end":{"line":159,"column":40}},"104":{"start":{"line":161,"column":24},"end":{"line":161,"column":47}},"105":{"start":{"line":164,"column":16},"end":{"line":164,"column":29}},"106":{"start":{"line":168,"column":4},"end":{"line":168,"column":16}},"107":{"start":{"line":172,"column":4},"end":{"line":174,"column":5}},"108":{"start":{"line":172,"column":17},"end":{"line":172,"column":18}},"109":{"start":{"line":173,"column":8},"end":{"line":173,"column":77}},"110":{"start":{"line":173,"column":64},"end":{"line":173,"column":77}},"111":{"start":{"line":175,"column":19},"end":{"line":175,"column":44}},"112":{"start":{"line":176,"column":19},"end":{"line":176,"column":42}},"113":{"start":{"line":177,"column":4},"end":{"line":181,"column":5}},"114":{"start":{"line":177,"column":17},"end":{"line":177,"column":25}},"115":{"start":{"line":178,"column":8},"end":{"line":180,"column":9}},"116":{"start":{"line":178,"column":21},"end":{"line":178,"column":29}},"117":{"start":{"line":179,"column":12},"end":{"line":179,"column":51}},"118":{"start":{"line":179,"column":38},"end":{"line":179,"column":51}},"119":{"start":{"line":182,"column":4},"end":{"line":182,"column":16}}},"fnMap":{"0":{"name":"(anonymous_0)","decl":{"start":{"line":1,"column":33},"end":{"line":1,"column":34}},"loc":{"start":{"line":1,"column":40},"end":{"line":1,"column":48}},"line":1},"1":{"name":"(anonymous_1)","decl":{"start":{"line":3,"column":19},"end":{"line":3,"column":20}},"loc":{"start":{"line":3,"column":29},"end":{"line":9,"column":1}},"line":3},"2":{"name":"(anonymous_2)","decl":{"start":{"line":11,"column":31},"end":{"line":11,"column":32}},"loc":{"start":{"line":11,"column":45},"end":{"line":23,"column":1}},"line":11},"3":{"name":"(anonymous_3)","decl":{"start":{"line":25,"column":34},"end":{"line":25,"column":35}},"loc":{"start":{"line":25,"column":40},"end":{"line":25,"column":68}},"line":25},"4":{"name":"(anonymous_4)","decl":{"start":{"line":27,"column":32},"end":{"line":27,"column":33}},"loc":{"start":{"line":27,"column":41},"end":{"line":35,"column":1}},"line":27},"5":{"name":"(anonymous_5)","decl":{"start":{"line":37,"column":32},"end":{"line":37,"column":33}},"loc":{"start":{"line":37,"column":41},"end":{"line":43,"column":1}},"line":37},"6":{"name":"(anonymous_6)","decl":{"start":{"line":46,"column":20},"end":{"line":46,"column":21}},"loc":{"start":{"line":46,"column":27},"end":{"line":56,"column":1}},"line":46},"7":{"name":"(anonymous_7)","decl":{"start":{"line":60,"column":42},"end":{"line":60,"column":43}},"loc":{"start":{"line":60,"column":48},"end":{"line":69,"column":1}},"line":60},"8":{"name":"(anonymous_8)","decl":{"start":{"line":71,"column":33},"end":{"line":71,"column":34}},"loc":{"start":{"line":71,"column":42},"end":{"line":79,"column":1}},"line":71},"9":{"name":"(anonymous_9)","decl":{"start":{"line":81,"column":36},"end":{"line":81,"column":37}},"loc":{"start":{"line":81,"column":45},"end":{"line":102,"column":1}},"line":81},"10":{"name":"quickSort","decl":{"start":{"line":105,"column":9},"end":{"line":105,"column":18}},"loc":{"start":{"line":105,"column":24},"end":{"line":115,"column":1}},"line":105},"11":{"name":"tspBrutForce","decl":{"start":{"line":117,"column":9},"end":{"line":117,"column":21}},"loc":{"start":{"line":117,"column":33},"end":{"line":136,"column":1}},"line":117},"12":{"name":"(anonymous_12)","decl":{"start":{"line":123,"column":25},"end":{"line":123,"column":26}},"loc":{"start":{"line":123,"column":35},"end":{"line":134,"column":5}},"line":123},"13":{"name":"permuter","decl":{"start":{"line":138,"column":9},"end":{"line":138,"column":17}},"loc":{"start":{"line":138,"column":23},"end":{"line":149,"column":1}},"line":138},"14":{"name":"resoudreSudoku","decl":{"start":{"line":151,"column":9},"end":{"line":151,"column":23}},"loc":{"start":{"line":151,"column":32},"end":{"line":169,"column":1}},"line":151},"15":{"name":"estValide","decl":{"start":{"line":171,"column":9},"end":{"line":171,"column":18}},"loc":{"start":{"line":171,"column":44},"end":{"line":183,"column":1}},"line":171}},"branchMap":{"0":{"loc":{"start":{"line":4,"column":2},"end":{"line":6,"column":3}},"type":"if","locations":[{"start":{"line":4,"column":2},"end":{"line":6,"column":3}},{"start":{},"end":{}}],"line":4},"1":{"loc":{"start":{"line":4,"column":6},"end":{"line":4,"column":50}},"type":"binary-expr","locations":[{"start":{"line":4,"column":6},"end":{"line":4,"column":26}},{"start":{"line":4,"column":30},"end":{"line":4,"column":50}}],"line":4},"2":{"loc":{"start":{"line":11,"column":32},"end":{"line":11,"column":40}},"type":"default-arg","locations":[{"start":{"line":11,"column":38},"end":{"line":11,"column":40}}],"line":11},"3":{"loc":{"start":{"line":14,"column":2},"end":{"line":16,"column":3}},"type":"if","locations":[{"start":{"line":14,"column":2},"end":{"line":16,"column":3}},{"start":{},"end":{}}],"line":14},"4":{"loc":{"start":{"line":38,"column":2},"end":{"line":40,"column":3}},"type":"if","locations":[{"start":{"line":38,"column":2},"end":{"line":40,"column":3}},{"start":{},"end":{}}],"line":38},"5":{"loc":{"start":{"line":47,"column":2},"end":{"line":49,"column":3}},"type":"if","locations":[{"start":{"line":47,"column":2},"end":{"line":49,"column":3}},{"start":{},"end":{}}],"line":47},"6":{"loc":{"start":{"line":51,"column":2},"end":{"line":53,"column":3}},"type":"if","locations":[{"start":{"line":51,"column":2},"end":{"line":53,"column":3}},{"start":{},"end":{}}],"line":51},"7":{"loc":{"start":{"line":51,"column":6},"end":{"line":51,"column":22}},"type":"binary-expr","locations":[{"start":{"line":51,"column":6},"end":{"line":51,"column":12}},{"start":{"line":51,"column":16},"end":{"line":51,"column":22}}],"line":51},"8":{"loc":{"start":{"line":87,"column":4},"end":{"line":89,"column":5}},"type":"if","locations":[{"start":{"line":87,"column":4},"end":{"line":89,"column":5}},{"start":{},"end":{}}],"line":87},"9":{"loc":{"start":{"line":87,"column":9},"end":{"line":87,"column":39}},"type":"binary-expr","locations":[{"start":{"line":87,"column":9},"end":{"line":87,"column":22}},{"start":{"line":87,"column":26},"end":{"line":87,"column":39}}],"line":87},"10":{"loc":{"start":{"line":90,"column":4},"end":{"line":92,"column":5}},"type":"if","locations":[{"start":{"line":90,"column":4},"end":{"line":92,"column":5}},{"start":{},"end":{}}],"line":90},"11":{"loc":{"start":{"line":90,"column":9},"end":{"line":90,"column":40}},"type":"binary-expr","locations":[{"start":{"line":90,"column":9},"end":{"line":90,"column":22}},{"start":{"line":90,"column":26},"end":{"line":90,"column":40}}],"line":90},"12":{"loc":{"start":{"line":93,"column":4},"end":{"line":95,"column":5}},"type":"if","locations":[{"start":{"line":93,"column":4},"end":{"line":95,"column":5}},{"start":{},"end":{}}],"line":93},"13":{"loc":{"start":{"line":93,"column":9},"end":{"line":93,"column":39}},"type":"binary-expr","locations":[{"start":{"line":93,"column":9},"end":{"line":93,"column":22}},{"start":{"line":93,"column":26},"end":{"line":93,"column":39}}],"line":93},"14":{"loc":{"start":{"line":96,"column":4},"end":{"line":98,"column":5}},"type":"if","locations":[{"start":{"line":96,"column":4},"end":{"line":98,"column":5}},{"start":{},"end":{}}],"line":96},"15":{"loc":{"start":{"line":106,"column":4},"end":{"line":106,"column":36}},"type":"if","locations":[{"start":{"line":106,"column":4},"end":{"line":106,"column":36}},{"start":{},"end":{}}],"line":106},"16":{"loc":{"start":{"line":111,"column":8},"end":{"line":112,"column":32}},"type":"if","locations":[{"start":{"line":111,"column":8},"end":{"line":112,"column":32}},{"start":{"line":112,"column":13},"end":{"line":112,"column":32}}],"line":111},"17":{"loc":{"start":{"line":130,"column":8},"end":{"line":133,"column":9}},"type":"if","locations":[{"start":{"line":130,"column":8},"end":{"line":133,"column":9}},{"start":{},"end":{}}],"line":130},"18":{"loc":{"start":{"line":139,"column":4},"end":{"line":139,"column":38}},"type":"if","locations":[{"start":{"line":139,"column":4},"end":{"line":139,"column":38}},{"start":{},"end":{}}],"line":139},"19":{"loc":{"start":{"line":154,"column":12},"end":{"line":165,"column":13}},"type":"if","locations":[{"start":{"line":154,"column":12},"end":{"line":165,"column":13}},{"start":{},"end":{}}],"line":154},"20":{"loc":{"start":{"line":156,"column":20},"end":{"line":162,"column":21}},"type":"if","locations":[{"start":{"line":156,"column":20},"end":{"line":162,"column":21}},{"start":{},"end":{}}],"line":156},"21":{"loc":{"start":{"line":158,"column":24},"end":{"line":160,"column":25}},"type":"if","locations":[{"start":{"line":158,"column":24},"end":{"line":160,"column":25}},{"start":{},"end":{}}],"line":158},"22":{"loc":{"start":{"line":173,"column":8},"end":{"line":173,"column":77}},"type":"if","locations":[{"start":{"line":173,"column":8},"end":{"line":173,"column":77}},{"start":{},"end":{}}],"line":173},"23":{"loc":{"start":{"line":173,"column":12},"end":{"line":173,"column":62}},"type":"binary-expr","locations":[{"start":{"line":173,"column":12},"end":{"line":173,"column":36}},{"start":{"line":173,"column":40},"end":{"line":173,"column":62}}],"line":173},"24":{"loc":{"start":{"line":179,"column":12},"end":{"line":179,"column":51}},"type":"if","locations":[{"start":{"line":179,"column":12},"end":{"line":179,"column":51}},{"start":{},"end":{}}],"line":179}},"s":{"0":1,"1":0,"2":1,"3":2,"4":1,"5":1,"6":1,"7":8,"8":8,"9":1,"10":7,"11":50,"12":7,"13":1,"14":1,"15":1,"16":1,"17":1,"18":1,"19":4,"20":1,"21":1,"22":3,"23":2,"24":1,"25":1,"26":6,"27":1,"28":5,"29":4,"30":1,"31":1,"32":1,"33":1,"34":1,"35":1,"36":26,"37":1,"38":1,"39":1,"40":1,"41":4,"42":1,"43":1,"44":1,"45":1,"46":1,"47":4,"48":4,"49":3,"50":4,"51":0,"52":4,"53":1,"54":4,"55":0,"56":1,"57":0,"58":0,"59":0,"60":0,"61":0,"62":0,"63":0,"64":0,"65":0,"66":0,"67":0,"68":0,"69":0,"70":0,"71":0,"72":0,"73":0,"74":0,"75":0,"76":0,"77":0,"78":0,"79":0,"80":0,"81":0,"82":0,"83":0,"84":0,"85":0,"86":0,"87":0,"88":0,"89":0,"90":0,"91":0,"92":0,"93":0,"94":0,"95":0,"96":0,"97":0,"98":0,"99":0,"100":0,"101":0,"102":0,"103":0,"104":0,"105":0,"106":0,"107":0,"108":0,"109":0,"110":0,"111":0,"112":0,"113":0,"114":0,"115":0,"116":0,"117":0,"118":0,"119":0},"f":{"0":0,"1":2,"2":8,"3":1,"4":1,"5":3,"6":6,"7":1,"8":1,"9":1,"10":0,"11":0,"12":0,"13":0,"14":0,"15":0},"b":{"0":[1,1],"1":[2,1],"2":[0],"3":[1,7],"4":[2,1],"5":[1,5],"6":[4,1],"7":[5,3],"8":[3,1],"9":[4,3],"10":[0,4],"11":[4,0],"12":[1,3],"13":[4,4],"14":[0,4],"15":[0,0],"16":[0,0],"17":[0,0],"18":[0,0],"19":[0,0],"20":[0,0],"21":[0,0],"22":[0,0],"23":[0,0],"24":[0,0]},"_coverageSchema":"1a1c01bbd47fc00a2c39e90264f33305004495a9","hash":"d21e71e117a8c445044d00a12693fdc838c1d43b"}
}
