{"C:\\Users\\user\\Documents\\Etudes\\4_Etudes_ingenieur_alternance\\ALES\\Cours\\2A\\ValidationDesLogiciels\\quality-env-tests\\src\\tp.js": {"path":"C:\\Users\\user\\Documents\\Etudes\\4_Etudes_ingenieur_alternance\\ALES\\Cours\\2A\\ValidationDesLogiciels\\quality-env-tests\\src\\tp.js","statementMap":{"0":{"start":{"line":1,"column":26},"end":{"line":1,"column":41}},"1":{"start":{"line":1,"column":33},"end":{"line":1,"column":41}},"2":{"start":{"line":3,"column":19},"end":{"line":9,"column":1}},"3":{"start":{"line":4,"column":2},"end":{"line":6,"column":3}},"4":{"start":{"line":5,"column":4},"end":{"line":5,"column":13}},"5":{"start":{"line":8,"column":2},"end":{"line":8,"column":15}},"6":{"start":{"line":11,"column":31},"end":{"line":23,"column":1}},"7":{"start":{"line":12,"column":14},"end":{"line":12,"column":15}},"8":{"start":{"line":14,"column":2},"end":{"line":16,"column":3}},"9":{"start":{"line":15,"column":4},"end":{"line":15,"column":17}},"10":{"start":{"line":18,"column":2},"end":{"line":20,"column":3}},"11":{"start":{"line":19,"column":4},"end":{"line":19,"column":12}},"12":{"start":{"line":22,"column":2},"end":{"line":22,"column":15}},"13":{"start":{"line":25,"column":27},"end":{"line":25,"column":61}},"14":{"start":{"line":25,"column":33},"end":{"line":25,"column":61}},"15":{"start":{"line":27,"column":32},"end":{"line":35,"column":1}},"16":{"start":{"line":28,"column":17},"end":{"line":28,"column":19}},"17":{"start":{"line":30,"column":2},"end":{"line":32,"column":3}},"18":{"start":{"line":30,"column":15},"end":{"line":30,"column":16}},"19":{"start":{"line":31,"column":4},"end":{"line":31,"column":23}},"20":{"start":{"line":34,"column":2},"end":{"line":34,"column":16}},"21":{"start":{"line":37,"column":32},"end":{"line":43,"column":1}},"22":{"start":{"line":38,"column":2},"end":{"line":40,"column":3}},"23":{"start":{"line":39,"column":4},"end":{"line":39,"column":22}},"24":{"start":{"line":42,"column":2},"end":{"line":42,"column":19}},"25":{"start":{"line":46,"column":20},"end":{"line":56,"column":1}},"26":{"start":{"line":47,"column":2},"end":{"line":49,"column":3}},"27":{"start":{"line":48,"column":4},"end":{"line":48,"column":13}},"28":{"start":{"line":51,"column":2},"end":{"line":53,"column":3}},"29":{"start":{"line":52,"column":3},"end":{"line":52,"column":12}},"30":{"start":{"line":55,"column":2},"end":{"line":55,"column":35}},"31":{"start":{"line":58,"column":42},"end":{"line":67,"column":1}},"32":{"start":{"line":59,"column":16},"end":{"line":59,"column":36}},"33":{"start":{"line":60,"column":21},"end":{"line":60,"column":23}},"34":{"start":{"line":62,"column":2},"end":{"line":64,"column":3}},"35":{"start":{"line":62,"column":15},"end":{"line":62,"column":37}},"36":{"start":{"line":63,"column":4},"end":{"line":63,"column":31}},"37":{"start":{"line":66,"column":2},"end":{"line":66,"column":22}},"38":{"start":{"line":69,"column":33},"end":{"line":77,"column":1}},"39":{"start":{"line":70,"column":10},"end":{"line":70,"column":11}},"40":{"start":{"line":72,"column":2},"end":{"line":74,"column":3}},"41":{"start":{"line":73,"column":4},"end":{"line":73,"column":11}},"42":{"start":{"line":76,"column":2},"end":{"line":76,"column":11}},"43":{"start":{"line":79,"column":36},"end":{"line":100,"column":1}},"44":{"start":{"line":80,"column":18},"end":{"line":80,"column":20}},"45":{"start":{"line":82,"column":2},"end":{"line":97,"column":3}},"46":{"start":{"line":82,"column":15},"end":{"line":82,"column":16}},"47":{"start":{"line":83,"column":21},"end":{"line":83,"column":27}},"48":{"start":{"line":85,"column":4},"end":{"line":87,"column":5}},"49":{"start":{"line":86,"column":6},"end":{"line":86,"column":47}},"50":{"start":{"line":88,"column":4},"end":{"line":90,"column":5}},"51":{"start":{"line":89,"column":6},"end":{"line":89,"column":47}},"52":{"start":{"line":91,"column":4},"end":{"line":93,"column":5}},"53":{"start":{"line":92,"column":6},"end":{"line":92,"column":47}},"54":{"start":{"line":94,"column":4},"end":{"line":96,"column":5}},"55":{"start":{"line":95,"column":6},"end":{"line":95,"column":47}},"56":{"start":{"line":99,"column":2},"end":{"line":99,"column":26}},"57":{"start":{"line":103,"column":4},"end":{"line":103,"column":36}},"58":{"start":{"line":103,"column":25},"end":{"line":103,"column":36}},"59":{"start":{"line":104,"column":16},"end":{"line":104,"column":35}},"60":{"start":{"line":105,"column":15},"end":{"line":105,"column":17}},"61":{"start":{"line":106,"column":16},"end":{"line":106,"column":18}},"62":{"start":{"line":107,"column":4},"end":{"line":110,"column":5}},"63":{"start":{"line":107,"column":17},"end":{"line":107,"column":18}},"64":{"start":{"line":108,"column":8},"end":{"line":109,"column":32}},"65":{"start":{"line":108,"column":28},"end":{"line":108,"column":46}},"66":{"start":{"line":109,"column":13},"end":{"line":109,"column":32}},"67":{"start":{"line":111,"column":2},"end":{"line":111,"column":58}},"68":{"start":{"line":115,"column":17},"end":{"line":115,"column":39}},"69":{"start":{"line":116,"column":23},"end":{"line":116,"column":39}},"70":{"start":{"line":117,"column":22},"end":{"line":117,"column":30}},"71":{"start":{"line":118,"column":31},"end":{"line":118,"column":33}},"72":{"start":{"line":120,"column":4},"end":{"line":131,"column":7}},"73":{"start":{"line":121,"column":29},"end":{"line":121,"column":30}},"74":{"start":{"line":122,"column":8},"end":{"line":124,"column":9}},"75":{"start":{"line":122,"column":21},"end":{"line":122,"column":22}},"76":{"start":{"line":123,"column":12},"end":{"line":123,"column":66}},"77":{"start":{"line":125,"column":8},"end":{"line":125,"column":74}},"78":{"start":{"line":127,"column":8},"end":{"line":130,"column":9}},"79":{"start":{"line":128,"column":12},"end":{"line":128,"column":41}},"80":{"start":{"line":129,"column":12},"end":{"line":129,"column":42}},"81":{"start":{"line":132,"column":2},"end":{"line":132,"column":47}},"82":{"start":{"line":136,"column":4},"end":{"line":136,"column":38}},"83":{"start":{"line":136,"column":26},"end":{"line":136,"column":38}},"84":{"start":{"line":137,"column":17},"end":{"line":137,"column":19}},"85":{"start":{"line":138,"column":4},"end":{"line":144,"column":5}},"86":{"start":{"line":138,"column":17},"end":{"line":138,"column":18}},"87":{"start":{"line":139,"column":20},"end":{"line":139,"column":60}},"88":{"start":{"line":140,"column":21},"end":{"line":140,"column":36}},"89":{"start":{"line":141,"column":8},"end":{"line":143,"column":9}},"90":{"start":{"line":141,"column":21},"end":{"line":141,"column":22}},"91":{"start":{"line":142,"column":12},"end":{"line":142,"column":52}},"92":{"start":{"line":145,"column":2},"end":{"line":145,"column":16}},"93":{"start":{"line":149,"column":4},"end":{"line":164,"column":5}},"94":{"start":{"line":149,"column":21},"end":{"line":149,"column":22}},"95":{"start":{"line":150,"column":8},"end":{"line":163,"column":9}},"96":{"start":{"line":150,"column":23},"end":{"line":150,"column":24}},"97":{"start":{"line":151,"column":12},"end":{"line":162,"column":13}},"98":{"start":{"line":152,"column":16},"end":{"line":160,"column":17}},"99":{"start":{"line":152,"column":31},"end":{"line":152,"column":32}},"100":{"start":{"line":153,"column":20},"end":{"line":159,"column":21}},"101":{"start":{"line":154,"column":24},"end":{"line":154,"column":49}},"102":{"start":{"line":155,"column":24},"end":{"line":157,"column":25}},"103":{"start":{"line":156,"column":28},"end":{"line":156,"column":40}},"104":{"start":{"line":158,"column":24},"end":{"line":158,"column":47}},"105":{"start":{"line":161,"column":16},"end":{"line":161,"column":29}},"106":{"start":{"line":165,"column":2},"end":{"line":165,"column":14}},"107":{"start":{"line":169,"column":4},"end":{"line":171,"column":5}},"108":{"start":{"line":169,"column":17},"end":{"line":169,"column":18}},"109":{"start":{"line":170,"column":8},"end":{"line":170,"column":77}},"110":{"start":{"line":170,"column":64},"end":{"line":170,"column":77}},"111":{"start":{"line":172,"column":19},"end":{"line":172,"column":44}},"112":{"start":{"line":173,"column":19},"end":{"line":173,"column":42}},"113":{"start":{"line":174,"column":4},"end":{"line":178,"column":5}},"114":{"start":{"line":174,"column":17},"end":{"line":174,"column":25}},"115":{"start":{"line":175,"column":8},"end":{"line":177,"column":9}},"116":{"start":{"line":175,"column":21},"end":{"line":175,"column":29}},"117":{"start":{"line":176,"column":12},"end":{"line":176,"column":51}},"118":{"start":{"line":176,"column":38},"end":{"line":176,"column":51}},"119":{"start":{"line":179,"column":2},"end":{"line":179,"column":14}}},"fnMap":{"0":{"name":"(anonymous_0)","decl":{"start":{"line":1,"column":26},"end":{"line":1,"column":27}},"loc":{"start":{"line":1,"column":33},"end":{"line":1,"column":41}},"line":1},"1":{"name":"(anonymous_1)","decl":{"start":{"line":3,"column":19},"end":{"line":3,"column":20}},"loc":{"start":{"line":3,"column":29},"end":{"line":9,"column":1}},"line":3},"2":{"name":"(anonymous_2)","decl":{"start":{"line":11,"column":31},"end":{"line":11,"column":32}},"loc":{"start":{"line":11,"column":45},"end":{"line":23,"column":1}},"line":11},"3":{"name":"(anonymous_3)","decl":{"start":{"line":25,"column":27},"end":{"line":25,"column":28}},"loc":{"start":{"line":25,"column":33},"end":{"line":25,"column":61}},"line":25},"4":{"name":"(anonymous_4)","decl":{"start":{"line":27,"column":32},"end":{"line":27,"column":33}},"loc":{"start":{"line":27,"column":41},"end":{"line":35,"column":1}},"line":27},"5":{"name":"(anonymous_5)","decl":{"start":{"line":37,"column":32},"end":{"line":37,"column":33}},"loc":{"start":{"line":37,"column":41},"end":{"line":43,"column":1}},"line":37},"6":{"name":"(anonymous_6)","decl":{"start":{"line":46,"column":20},"end":{"line":46,"column":21}},"loc":{"start":{"line":46,"column":27},"end":{"line":56,"column":1}},"line":46},"7":{"name":"(anonymous_7)","decl":{"start":{"line":58,"column":42},"end":{"line":58,"column":43}},"loc":{"start":{"line":58,"column":48},"end":{"line":67,"column":1}},"line":58},"8":{"name":"(anonymous_8)","decl":{"start":{"line":69,"column":33},"end":{"line":69,"column":34}},"loc":{"start":{"line":69,"column":42},"end":{"line":77,"column":1}},"line":69},"9":{"name":"(anonymous_9)","decl":{"start":{"line":79,"column":36},"end":{"line":79,"column":37}},"loc":{"start":{"line":79,"column":45},"end":{"line":100,"column":1}},"line":79},"10":{"name":"quickSort","decl":{"start":{"line":102,"column":16},"end":{"line":102,"column":25}},"loc":{"start":{"line":102,"column":31},"end":{"line":112,"column":1}},"line":102},"11":{"name":"tspBrutForce","decl":{"start":{"line":114,"column":16},"end":{"line":114,"column":28}},"loc":{"start":{"line":114,"column":40},"end":{"line":133,"column":1}},"line":114},"12":{"name":"(anonymous_12)","decl":{"start":{"line":120,"column":25},"end":{"line":120,"column":26}},"loc":{"start":{"line":120,"column":35},"end":{"line":131,"column":5}},"line":120},"13":{"name":"permuter","decl":{"start":{"line":135,"column":16},"end":{"line":135,"column":24}},"loc":{"start":{"line":135,"column":30},"end":{"line":146,"column":1}},"line":135},"14":{"name":"resoudreSudoku","decl":{"start":{"line":148,"column":16},"end":{"line":148,"column":30}},"loc":{"start":{"line":148,"column":39},"end":{"line":166,"column":1}},"line":148},"15":{"name":"estValide","decl":{"start":{"line":168,"column":16},"end":{"line":168,"column":25}},"loc":{"start":{"line":168,"column":51},"end":{"line":180,"column":1}},"line":168}},"branchMap":{"0":{"loc":{"start":{"line":4,"column":2},"end":{"line":6,"column":3}},"type":"if","locations":[{"start":{"line":4,"column":2},"end":{"line":6,"column":3}},{"start":{},"end":{}}],"line":4},"1":{"loc":{"start":{"line":4,"column":6},"end":{"line":4,"column":50}},"type":"binary-expr","locations":[{"start":{"line":4,"column":6},"end":{"line":4,"column":26}},{"start":{"line":4,"column":30},"end":{"line":4,"column":50}}],"line":4},"2":{"loc":{"start":{"line":11,"column":32},"end":{"line":11,"column":40}},"type":"default-arg","locations":[{"start":{"line":11,"column":38},"end":{"line":11,"column":40}}],"line":11},"3":{"loc":{"start":{"line":14,"column":2},"end":{"line":16,"column":3}},"type":"if","locations":[{"start":{"line":14,"column":2},"end":{"line":16,"column":3}},{"start":{},"end":{}}],"line":14},"4":{"loc":{"start":{"line":38,"column":2},"end":{"line":40,"column":3}},"type":"if","locations":[{"start":{"line":38,"column":2},"end":{"line":40,"column":3}},{"start":{},"end":{}}],"line":38},"5":{"loc":{"start":{"line":47,"column":2},"end":{"line":49,"column":3}},"type":"if","locations":[{"start":{"line":47,"column":2},"end":{"line":49,"column":3}},{"start":{},"end":{}}],"line":47},"6":{"loc":{"start":{"line":51,"column":2},"end":{"line":53,"column":3}},"type":"if","locations":[{"start":{"line":51,"column":2},"end":{"line":53,"column":3}},{"start":{},"end":{}}],"line":51},"7":{"loc":{"start":{"line":51,"column":6},"end":{"line":51,"column":22}},"type":"binary-expr","locations":[{"start":{"line":51,"column":6},"end":{"line":51,"column":12}},{"start":{"line":51,"column":16},"end":{"line":51,"column":22}}],"line":51},"8":{"loc":{"start":{"line":85,"column":4},"end":{"line":87,"column":5}},"type":"if","locations":[{"start":{"line":85,"column":4},"end":{"line":87,"column":5}},{"start":{},"end":{}}],"line":85},"9":{"loc":{"start":{"line":85,"column":9},"end":{"line":85,"column":39}},"type":"binary-expr","locations":[{"start":{"line":85,"column":9},"end":{"line":85,"column":22}},{"start":{"line":85,"column":26},"end":{"line":85,"column":39}}],"line":85},"10":{"loc":{"start":{"line":88,"column":4},"end":{"line":90,"column":5}},"type":"if","locations":[{"start":{"line":88,"column":4},"end":{"line":90,"column":5}},{"start":{},"end":{}}],"line":88},"11":{"loc":{"start":{"line":88,"column":9},"end":{"line":88,"column":40}},"type":"binary-expr","locations":[{"start":{"line":88,"column":9},"end":{"line":88,"column":22}},{"start":{"line":88,"column":26},"end":{"line":88,"column":40}}],"line":88},"12":{"loc":{"start":{"line":91,"column":4},"end":{"line":93,"column":5}},"type":"if","locations":[{"start":{"line":91,"column":4},"end":{"line":93,"column":5}},{"start":{},"end":{}}],"line":91},"13":{"loc":{"start":{"line":91,"column":9},"end":{"line":91,"column":39}},"type":"binary-expr","locations":[{"start":{"line":91,"column":9},"end":{"line":91,"column":22}},{"start":{"line":91,"column":26},"end":{"line":91,"column":39}}],"line":91},"14":{"loc":{"start":{"line":94,"column":4},"end":{"line":96,"column":5}},"type":"if","locations":[{"start":{"line":94,"column":4},"end":{"line":96,"column":5}},{"start":{},"end":{}}],"line":94},"15":{"loc":{"start":{"line":103,"column":4},"end":{"line":103,"column":36}},"type":"if","locations":[{"start":{"line":103,"column":4},"end":{"line":103,"column":36}},{"start":{},"end":{}}],"line":103},"16":{"loc":{"start":{"line":108,"column":8},"end":{"line":109,"column":32}},"type":"if","locations":[{"start":{"line":108,"column":8},"end":{"line":109,"column":32}},{"start":{"line":109,"column":13},"end":{"line":109,"column":32}}],"line":108},"17":{"loc":{"start":{"line":127,"column":8},"end":{"line":130,"column":9}},"type":"if","locations":[{"start":{"line":127,"column":8},"end":{"line":130,"column":9}},{"start":{},"end":{}}],"line":127},"18":{"loc":{"start":{"line":136,"column":4},"end":{"line":136,"column":38}},"type":"if","locations":[{"start":{"line":136,"column":4},"end":{"line":136,"column":38}},{"start":{},"end":{}}],"line":136},"19":{"loc":{"start":{"line":151,"column":12},"end":{"line":162,"column":13}},"type":"if","locations":[{"start":{"line":151,"column":12},"end":{"line":162,"column":13}},{"start":{},"end":{}}],"line":151},"20":{"loc":{"start":{"line":153,"column":20},"end":{"line":159,"column":21}},"type":"if","locations":[{"start":{"line":153,"column":20},"end":{"line":159,"column":21}},{"start":{},"end":{}}],"line":153},"21":{"loc":{"start":{"line":155,"column":24},"end":{"line":157,"column":25}},"type":"if","locations":[{"start":{"line":155,"column":24},"end":{"line":157,"column":25}},{"start":{},"end":{}}],"line":155},"22":{"loc":{"start":{"line":170,"column":8},"end":{"line":170,"column":77}},"type":"if","locations":[{"start":{"line":170,"column":8},"end":{"line":170,"column":77}},{"start":{},"end":{}}],"line":170},"23":{"loc":{"start":{"line":170,"column":12},"end":{"line":170,"column":62}},"type":"binary-expr","locations":[{"start":{"line":170,"column":12},"end":{"line":170,"column":36}},{"start":{"line":170,"column":40},"end":{"line":170,"column":62}}],"line":170},"24":{"loc":{"start":{"line":176,"column":12},"end":{"line":176,"column":51}},"type":"if","locations":[{"start":{"line":176,"column":12},"end":{"line":176,"column":51}},{"start":{},"end":{}}],"line":176}},"s":{"0":1,"1":0,"2":1,"3":2,"4":1,"5":1,"6":1,"7":9,"8":9,"9":1,"10":8,"11":50,"12":8,"13":1,"14":1,"15":1,"16":1,"17":1,"18":1,"19":4,"20":1,"21":1,"22":3,"23":2,"24":1,"25":1,"26":6,"27":1,"28":5,"29":4,"30":1,"31":1,"32":1,"33":1,"34":1,"35":1,"36":26,"37":1,"38":1,"39":1,"40":1,"41":4,"42":1,"43":1,"44":1,"45":1,"46":1,"47":6,"48":6,"49":1,"50":6,"51":3,"52":6,"53":1,"54":6,"55":1,"56":1,"57":9,"58":5,"59":4,"60":4,"61":4,"62":4,"63":4,"64":11,"65":10,"66":1,"67":4,"68":1,"69":1,"70":1,"71":1,"72":1,"73":24,"74":24,"75":24,"76":72,"77":24,"78":24,"79":2,"80":2,"81":1,"82":81,"83":30,"84":51,"85":51,"86":51,"87":79,"88":79,"89":79,"90":79,"91":114,"92":51,"93":4209,"94":4209,"95":16962,"96":16962,"97":139258,"98":4208,"99":4208,"100":37652,"101":4208,"102":4208,"103":51,"104":4157,"105":4157,"106":1,"107":37654,"108":37654,"109":163085,"110":32044,"111":5610,"112":5610,"113":5610,"114":5610,"115":15639,"116":15639,"117":45429,"118":1401,"119":4209},"f":{"0":0,"1":2,"2":9,"3":1,"4":1,"5":3,"6":6,"7":1,"8":1,"9":1,"10":9,"11":1,"12":24,"13":81,"14":4209,"15":37654},"b":{"0":[1,1],"1":[2,1],"2":[1],"3":[1,8],"4":[2,1],"5":[1,5],"6":[4,1],"7":[5,3],"8":[1,5],"9":[6,4],"10":[3,3],"11":[6,3],"12":[1,5],"13":[6,5],"14":[1,5],"15":[5,4],"16":[10,1],"17":[2,22],"18":[30,51],"19":[4208,135050],"20":[4208,33444],"21":[51,4157],"22":[32044,131041],"23":[163085,143732],"24":[1401,44028]},"_coverageSchema":"1a1c01bbd47fc00a2c39e90264f33305004495a9","hash":"cd01f6f8c636f26baa9ec6a1f11db2f4e4a5449a"}
}
