TN:
SF:src\tp.js
FN:1,(anonymous_0)
FN:3,(anonymous_1)
FN:11,(anonymous_2)
FN:25,(anonymous_3)
FN:27,(anonymous_4)
FN:37,(anonymous_5)
FN:46,(anonymous_6)
FN:58,(anonymous_7)
FN:69,(anonymous_8)
FN:79,(anonymous_9)
FN:102,quickSort
FN:114,tspBrutForce
FN:120,(anonymous_12)
FN:135,permuter
FN:148,resoudreSudoku
FN:168,estValide
FNF:16
FNH:15
FNDA:0,(anonymous_0)
FNDA:2,(anonymous_1)
FNDA:9,(anonymous_2)
FNDA:1,(anonymous_3)
FNDA:1,(anonymous_4)
FNDA:3,(anonymous_5)
FNDA:6,(anonymous_6)
FNDA:1,(anonymous_7)
FNDA:1,(anonymous_8)
FNDA:1,(anonymous_9)
FNDA:9,quickSort
FNDA:1,tspBrutForce
FNDA:24,(anonymous_12)
FNDA:81,permuter
FNDA:4209,resoudreSudoku
FNDA:37654,estValide
DA:1,1
DA:3,1
DA:4,2
DA:5,1
DA:8,1
DA:11,1
DA:12,9
DA:14,9
DA:15,1
DA:18,8
DA:19,50
DA:22,8
DA:25,1
DA:27,1
DA:28,1
DA:30,1
DA:31,4
DA:34,1
DA:37,1
DA:38,3
DA:39,2
DA:42,1
DA:46,1
DA:47,6
DA:48,1
DA:51,5
DA:52,4
DA:55,1
DA:58,1
DA:59,1
DA:60,1
DA:62,1
DA:63,26
DA:66,1
DA:69,1
DA:70,1
DA:72,1
DA:73,4
DA:76,1
DA:79,1
DA:80,1
DA:82,1
DA:83,6
DA:85,6
DA:86,1
DA:88,6
DA:89,3
DA:91,6
DA:92,1
DA:94,6
DA:95,1
DA:99,1
DA:103,9
DA:104,4
DA:105,4
DA:106,4
DA:107,4
DA:108,11
DA:109,1
DA:111,4
DA:115,1
DA:116,1
DA:117,1
DA:118,1
DA:120,1
DA:121,24
DA:122,24
DA:123,72
DA:125,24
DA:127,24
DA:128,2
DA:129,2
DA:132,1
DA:136,81
DA:137,51
DA:138,51
DA:139,79
DA:140,79
DA:141,79
DA:142,114
DA:145,51
DA:149,4209
DA:150,16962
DA:151,139258
DA:152,4208
DA:153,37652
DA:154,4208
DA:155,4208
DA:156,51
DA:158,4157
DA:161,4157
DA:165,1
DA:169,37654
DA:170,163085
DA:172,5610
DA:173,5610
DA:174,5610
DA:175,15639
DA:176,45429
DA:179,4209
LF:100
LH:100
BRDA:4,0,0,1
BRDA:4,0,1,1
BRDA:4,1,0,2
BRDA:4,1,1,1
BRDA:11,2,0,1
BRDA:14,3,0,1
BRDA:14,3,1,8
BRDA:38,4,0,2
BRDA:38,4,1,1
BRDA:47,5,0,1
BRDA:47,5,1,5
BRDA:51,6,0,4
BRDA:51,6,1,1
BRDA:51,7,0,5
BRDA:51,7,1,3
BRDA:85,8,0,1
BRDA:85,8,1,5
BRDA:85,9,0,6
BRDA:85,9,1,4
BRDA:88,10,0,3
BRDA:88,10,1,3
BRDA:88,11,0,6
BRDA:88,11,1,3
BRDA:91,12,0,1
BRDA:91,12,1,5
BRDA:91,13,0,6
BRDA:91,13,1,5
BRDA:94,14,0,1
BRDA:94,14,1,5
BRDA:103,15,0,5
BRDA:103,15,1,4
BRDA:108,16,0,10
BRDA:108,16,1,1
BRDA:127,17,0,2
BRDA:127,17,1,22
BRDA:136,18,0,30
BRDA:136,18,1,51
BRDA:151,19,0,4208
BRDA:151,19,1,135050
BRDA:153,20,0,4208
BRDA:153,20,1,33444
BRDA:155,21,0,51
BRDA:155,21,1,4157
BRDA:170,22,0,32044
BRDA:170,22,1,131041
BRDA:170,23,0,163085
BRDA:170,23,1,143732
BRDA:176,24,0,1401
BRDA:176,24,1,44028
BRF:49
BRH:49
end_of_record
