TN:
SF:src\bot.class.js
FN:4,(anonymous_0)
FN:18,(anonymous_1)
FN:21,(anonymous_2)
FNF:3
FNH:3
FNDA:3,(anonymous_0)
FNDA:7,(anonymous_1)
FNDA:19,(anonymous_2)
DA:1,2
DA:10,3
DA:11,3
DA:12,3
DA:13,3
DA:14,3
DA:15,3
DA:19,7
DA:21,7
DA:22,19
DA:24,19
DA:25,6
DA:27,6
DA:31,7
LF:14
LH:14
BRDA:24,0,0,6
BRDA:24,0,1,13
BRF:2
BRH:2
end_of_record
TN:
SF:src\tchat.class.js
FN:4,(anonymous_0)
FN:10,(anonymous_1)
FN:14,(anonymous_2)
FN:15,(anonymous_3)
FN:44,(anonymous_4)
FN:47,(anonymous_5)
FN:52,(anonymous_6)
FN:74,(anonymous_7)
FN:101,(anonymous_8)
FN:126,(anonymous_9)
FN:135,(anonymous_10)
FN:138,(anonymous_11)
FN:144,(anonymous_12)
FN:160,(anonymous_13)
FN:161,(anonymous_14)
FN:169,(anonymous_15)
FN:174,(anonymous_16)
FN:181,(anonymous_17)
FN:188,(anonymous_18)
FN:215,(anonymous_19)
FNF:20
FNH:19
FNDA:1,(anonymous_0)
FNDA:2,(anonymous_1)
FNDA:1,(anonymous_2)
FNDA:0,(anonymous_3)
FNDA:1,(anonymous_4)
FNDA:2,(anonymous_5)
FNDA:2,(anonymous_6)
FNDA:2,(anonymous_7)
FNDA:3,(anonymous_8)
FNDA:2,(anonymous_9)
FNDA:2,(anonymous_10)
FNDA:4,(anonymous_11)
FNDA:4,(anonymous_12)
FNDA:3,(anonymous_13)
FNDA:6,(anonymous_14)
FNDA:3,(anonymous_15)
FNDA:2,(anonymous_16)
FNDA:2,(anonymous_17)
FNDA:1,(anonymous_18)
FNDA:1,(anonymous_19)
DA:3,1
DA:5,1
DA:10,2
DA:11,1
DA:15,1
DA:21,1
DA:45,1
DA:47,2
DA:58,2
DA:60,2
DA:75,2
DA:77,2
DA:102,3
DA:103,3
DA:127,2
DA:136,2
DA:138,2
DA:139,4
DA:141,4
DA:142,3
DA:144,3
DA:145,4
DA:153,3
DA:157,2
DA:161,3
DA:162,6
DA:163,6
DA:165,6
DA:170,3
DA:171,3
DA:174,3
DA:175,2
DA:176,1
DA:177,1
DA:178,1
DA:180,1
DA:181,2
DA:183,1
DA:189,1
DA:216,1
DA:217,1
LF:41
LH:41
BRDA:36,0,0,0
BRDA:36,0,1,1
BRDA:141,1,0,3
BRDA:141,1,1,1
BRDA:175,2,0,1
BRDA:175,2,1,1
BRF:6
BRH:5
end_of_record
TN:
SF:src\tp.js
FN:1,(anonymous_0)
FN:3,(anonymous_1)
FN:11,(anonymous_2)
FN:25,(anonymous_3)
FN:27,(anonymous_4)
FN:37,(anonymous_5)
FN:46,(anonymous_6)
FN:60,(anonymous_7)
FN:71,(anonymous_8)
FN:81,(anonymous_9)
FN:105,quickSort
FN:117,tspBrutForce
FN:123,(anonymous_12)
FN:138,permuter
FN:151,resoudreSudoku
FN:171,estValide
FNF:16
FNH:9
FNDA:0,(anonymous_0)
FNDA:2,(anonymous_1)
FNDA:8,(anonymous_2)
FNDA:1,(anonymous_3)
FNDA:1,(anonymous_4)
FNDA:3,(anonymous_5)
FNDA:6,(anonymous_6)
FNDA:1,(anonymous_7)
FNDA:1,(anonymous_8)
FNDA:1,(anonymous_9)
FNDA:0,quickSort
FNDA:0,tspBrutForce
FNDA:0,(anonymous_12)
FNDA:0,permuter
FNDA:0,resoudreSudoku
FNDA:0,estValide
DA:1,1
DA:3,1
DA:4,2
DA:5,1
DA:8,1
DA:11,1
DA:12,8
DA:14,8
DA:15,1
DA:18,7
DA:19,50
DA:22,7
DA:25,1
DA:27,1
DA:28,1
DA:30,1
DA:31,4
DA:34,1
DA:37,1
DA:38,3
DA:39,2
DA:42,1
DA:46,1
DA:47,6
DA:48,1
DA:51,5
DA:52,4
DA:55,1
DA:60,1
DA:61,1
DA:62,1
DA:64,1
DA:65,26
DA:68,1
DA:71,1
DA:72,1
DA:74,1
DA:75,4
DA:78,1
DA:81,1
DA:82,1
DA:84,1
DA:85,4
DA:87,4
DA:88,3
DA:90,4
DA:91,0
DA:93,4
DA:94,1
DA:96,4
DA:97,0
DA:101,1
DA:106,0
DA:107,0
DA:108,0
DA:109,0
DA:110,0
DA:111,0
DA:112,0
DA:114,0
DA:118,0
DA:119,0
DA:120,0
DA:121,0
DA:123,0
DA:124,0
DA:125,0
DA:126,0
DA:128,0
DA:130,0
DA:131,0
DA:132,0
DA:135,0
DA:139,0
DA:140,0
DA:141,0
DA:142,0
DA:143,0
DA:144,0
DA:145,0
DA:148,0
DA:152,0
DA:153,0
DA:154,0
DA:155,0
DA:156,0
DA:157,0
DA:158,0
DA:159,0
DA:161,0
DA:164,0
DA:168,0
DA:172,0
DA:173,0
DA:175,0
DA:176,0
DA:177,0
DA:178,0
DA:179,0
DA:182,0
LF:100
LH:50
BRDA:4,0,0,1
BRDA:4,0,1,1
BRDA:4,1,0,2
BRDA:4,1,1,1
BRDA:11,2,0,0
BRDA:14,3,0,1
BRDA:14,3,1,7
BRDA:38,4,0,2
BRDA:38,4,1,1
BRDA:47,5,0,1
BRDA:47,5,1,5
BRDA:51,6,0,4
BRDA:51,6,1,1
BRDA:51,7,0,5
BRDA:51,7,1,3
BRDA:87,8,0,3
BRDA:87,8,1,1
BRDA:87,9,0,4
BRDA:87,9,1,3
BRDA:90,10,0,0
BRDA:90,10,1,4
BRDA:90,11,0,4
BRDA:90,11,1,0
BRDA:93,12,0,1
BRDA:93,12,1,3
BRDA:93,13,0,4
BRDA:93,13,1,4
BRDA:96,14,0,0
BRDA:96,14,1,4
BRDA:106,15,0,0
BRDA:106,15,1,0
BRDA:111,16,0,0
BRDA:111,16,1,0
BRDA:130,17,0,0
BRDA:130,17,1,0
BRDA:139,18,0,0
BRDA:139,18,1,0
BRDA:154,19,0,0
BRDA:154,19,1,0
BRDA:156,20,0,0
BRDA:156,20,1,0
BRDA:158,21,0,0
BRDA:158,21,1,0
BRDA:173,22,0,0
BRDA:173,22,1,0
BRDA:173,23,0,0
BRDA:173,23,1,0
BRDA:179,24,0,0
BRDA:179,24,1,0
BRF:49
BRH:25
end_of_record
